SF:lib/models/flip_card_model.dart
DA:7,3
DA:14,1
DA:16,5
LF:3
LH:3
end_of_record
SF:lib/blocs/game_state.dart
DA:15,2
DA:25,2
LF:2
LH:2
end_of_record
SF:lib/blocs/game_event.dart
DA:8,1
DA:13,1
DA:21,1
LF:3
LH:3
end_of_record
SF:lib/blocs/game_bloc.dart
DA:11,6
DA:12,5
DA:13,1
DA:14,3
DA:16,4
DA:18,5
DA:20,3
DA:21,2
DA:22,1
DA:23,2
DA:24,1
DA:25,3
DA:27,4
DA:29,0
DA:34,3
DA:35,1
DA:37,1
DA:38,2
DA:39,9
DA:40,2
DA:41,1
DA:43,1
DA:44,1
DA:50,5
DA:52,1
DA:54,2
DA:55,5
DA:56,2
DA:57,2
DA:59,0
DA:60,0
DA:62,1
DA:63,6
DA:64,1
DA:65,4
DA:66,1
DA:68,1
DA:69,6
DA:70,2
DA:71,1
DA:73,2
DA:75,1
DA:77,3
LF:43
LH:40
end_of_record
SF:lib/pages/game_result_page.dart
DA:11,6
DA:13,1
DA:15,1
DA:16,1
DA:17,1
DA:18,1
DA:19,1
DA:20,1
DA:23,1
DA:25,1
DA:26,1
DA:27,1
DA:30,1
DA:32,1
DA:35,1
DA:36,1
DA:38,1
DA:39,0
DA:40,0
DA:41,0
DA:44,1
DA:47,1
DA:49,1
DA:50,0
DA:51,0
DA:52,0
DA:55,1
DA:64,0
DA:66,0
DA:67,0
DA:68,0
DA:70,0
DA:71,0
DA:73,0
DA:74,0
DA:76,0
DA:77,0
DA:80,0
DA:81,0
DA:83,0
DA:84,0
LF:41
LH:21
end_of_record
SF:lib/utils/game_difficulty.dart
DA:8,1
DA:10,1
DA:12,1
DA:20,1
DA:22,1
DA:23,1
DA:24,1
DA:25,0
DA:28,1
DA:32,1
DA:34,1
LF:11
LH:10
end_of_record
SF:lib/utils/utils.dart
DA:3,1
DA:4,1
DA:6,2
DA:7,2
DA:8,3
DA:10,1
LF:6
LH:6
end_of_record
SF:lib/pages/game_choose_difficulty_page.dart
DA:9,6
DA:11,1
DA:12,1
DA:17,1
DA:19,1
DA:20,0
DA:21,0
DA:22,0
DA:24,0
DA:25,0
DA:29,1
DA:30,1
DA:31,1
DA:34,1
DA:36,1
DA:37,1
DA:38,3
DA:39,1
DA:40,1
DA:41,1
DA:42,1
DA:43,3
DA:44,2
DA:46,1
DA:47,1
DA:48,2
DA:49,1
DA:55,1
DA:57,1
DA:59,1
DA:60,0
LF:31
LH:25
end_of_record
SF:lib/pages/game_page.dart
DA:12,11
DA:14,1
DA:15,1
DA:21,1
DA:23,2
DA:24,4
DA:25,0
DA:27,1
DA:30,1
DA:33,2
DA:34,1
DA:37,1
DA:39,1
DA:41,0
DA:42,1
DA:43,1
DA:44,0
DA:45,0
DA:47,0
DA:48,0
DA:51,1
DA:52,1
DA:53,1
DA:54,1
DA:55,1
DA:56,1
DA:58,1
DA:61,1
DA:62,1
DA:63,1
DA:64,1
DA:65,2
DA:70,1
DA:72,1
DA:73,2
DA:74,3
DA:80,1
DA:81,1
DA:83,1
DA:84,2
DA:85,1
DA:89,1
DA:91,1
DA:94,1
DA:95,1
DA:96,1
DA:98,1
DA:100,1
DA:101,1
DA:102,2
DA:104,3
DA:110,1
DA:111,1
DA:113,1
DA:115,1
DA:116,1
DA:117,2
DA:119,3
DA:132,1
DA:136,1
DA:138,1
DA:140,0
DA:142,1
DA:149,0
LF:64
LH:56
end_of_record
SF:lib/widgets/game_board_widget_dart.dart
DA:8,2
DA:10,1
DA:11,1
DA:14,1
DA:15,1
DA:19,1
DA:20,2
DA:21,4
LF:8
LH:8
end_of_record
SF:lib/pages/home_page.dart
DA:9,6
DA:11,1
DA:12,1
DA:16,1
DA:18,1
DA:19,1
DA:20,1
DA:21,1
DA:23,1
DA:25,1
DA:27,1
DA:28,3
DA:30,1
DA:32,1
DA:35,1
DA:36,1
DA:38,1
DA:40,0
DA:42,0
DA:43,0
DA:49,1
DA:51,1
DA:53,1
DA:56,1
DA:59,1
DA:60,1
DA:61,1
DA:64,1
DA:65,1
DA:67,0
DA:70,1
DA:71,1
DA:72,2
DA:73,1
DA:74,1
DA:75,2
DA:76,1
DA:77,2
DA:81,1
DA:82,1
DA:84,0
DA:85,0
DA:86,0
LF:43
LH:36
end_of_record
SF:lib/widgets/game_result_message_widget.dart
DA:6,2
DA:8,1
DA:10,1
DA:13,1
DA:14,1
DA:15,1
DA:17,3
DA:19,1
DA:20,1
DA:22,3
LF:10
LH:10
end_of_record
SF:lib/utils/game_theme.dart
DA:8,1
DA:10,1
DA:12,1
DA:20,2
DA:22,2
DA:24,1
LF:6
LH:6
end_of_record
SF:lib/utils/shared_prefs.dart
DA:7,1
DA:9,3
DA:11,2
DA:13,1
DA:15,1
DA:16,1
DA:17,2
DA:18,2
DA:21,3
DA:23,1
DA:24,2
LF:11
LH:11
end_of_record
SF:lib/widgets/flip_card_widget.dart
DA:10,2
DA:12,1
DA:13,1
DA:14,2
DA:15,2
DA:19,1
DA:20,4
DA:22,0
DA:23,1
DA:24,2
DA:25,1
DA:26,3
DA:27,3
DA:29,4
LF:14
LH:13
end_of_record
